<?xml version="1.0" encoding="UTF-8"?>
<!-- Generated by org.testng.reporters.JUnitXMLReporter -->
<testsuite hostname="LAPTOP-2O7S91F9" ignored="1" name="Surefire test" tests="2" failures="0" timestamp="01 Oct 2019 21:58:39 GMT" time="18.262" errors="0">
  <testcase name="test1" time="0.002" classname="com.automation.qa.testcases.PropertiesTest"/>
  <testcase name="verifyHomePageTitleTest" time="0.009" classname="com.automation.qa.testcases.HomePageTest"/>
  <testcase name="validateCreateNewContactTest1" time="0.0" classname="com.automation.qa.testcases.ContactsPageTest">
    <ignored/>
  </testcase> <!-- validateCreateNewContactTest1 -->
</testsuite> <!-- Surefire test -->
