<?xml version="1.0" encoding="UTF-8"?>
<!-- Generated by org.testng.reporters.JUnitXMLReporter -->
<testsuite hostname="LAPTOP-2O7S91F9" ignored="3" name="Default test" tests="1" failures="0" timestamp="25 Sep 2019 04:29:27 GMT" time="18.96" errors="0">
  <testcase name="validateCreateNewContactTest" time="5.963" classname="com.automation.qa.testcases.ContactsPageTest"/>
  <testcase name="verifyContactPageLabel" time="0.0" classname="com.automation.qa.testcases.ContactsPageTest">
    <ignored/>
  </testcase> <!-- verifyContactPageLabel -->
  <testcase name="selectMultipleContactsTest" time="0.0" classname="com.automation.qa.testcases.ContactsPageTest">
    <ignored/>
  </testcase> <!-- selectMultipleContactsTest -->
  <testcase name="selectSingleContactsTest" time="0.0" classname="com.automation.qa.testcases.ContactsPageTest">
    <ignored/>
  </testcase> <!-- selectSingleContactsTest -->
</testsuite> <!-- Default test -->
