<?xml version="1.0" encoding="UTF-8"?>
<!-- Generated by org.testng.reporters.JUnitXMLReporter -->
<testsuite hostname="LAPTOP-2O7S91F9" ignored="0" name="Default test" tests="3" failures="0" timestamp="21 Sep 2019 04:42:59 GMT" time="25.988" errors="0">
  <testcase name="loginPageTitleTest" time="0.063" classname="com.automation.qa.testcases.LoginPageTest"/>
  <testcase name="crmLogoImageTest" time="0.068" classname="com.automation.qa.testcases.LoginPageTest"/>
  <testcase name="loginTest" time="3.688" classname="com.automation.qa.testcases.LoginPageTest"/>
</testsuite> <!-- Default test -->
