<?xml version="1.0" encoding="UTF-8"?>
<!-- Generated by org.testng.reporters.JUnitXMLReporter -->
<testsuite hostname="LAPTOP-2O7S91F9" ignored="0" name="Test" tests="3" failures="0" timestamp="06 Nov 2019 02:45:17 GMT" time="9.587" errors="0">
  <testcase name="getTitle" time="0.03" classname="interview.ParamaterizationInSelenium"/>
  <testcase name="verifyData" time="0.002" classname="interview.ParamaterizationInSelenium"/>
  <testcase name="verifyData" time="0.001" classname="interview.ParamaterizationInSelenium"/>
</testsuite> <!-- Test -->
