<?xml version="1.0" encoding="UTF-8"?>
<!-- Generated by org.testng.reporters.JUnitXMLReporter -->
<testsuite hostname="LAPTOP-2O7S91F9" ignored="2" name="Free CRM App Test" tests="7" failures="0" timestamp="24 Sep 2019 17:06:08 GMT" time="157.256" errors="0">
  <testcase name="verifyHomePageTitleTest" time="0.119" classname="com.automation.qa.testcases.HomePageTest"/>
  <testcase name="verifyContactPageLabel" time="0.22" classname="com.automation.qa.testcases.ContactsPageTest"/>
  <testcase name="verifyUserNameTest" time="0.184" classname="com.automation.qa.testcases.HomePageTest"/>
  <testcase name="selectSingleContactsTest" time="2.109" classname="com.automation.qa.testcases.ContactsPageTest"/>
  <testcase name="loginTest" time="3.224" classname="com.automation.qa.testcases.LoginPageTest"/>
  <testcase name="verifyContactsLinkTest" time="0.87" classname="com.automation.qa.testcases.HomePageTest"/>
  <testcase name="selectMultipleContactsTest" time="5.212" classname="com.automation.qa.testcases.ContactsPageTest"/>
  <testcase name="crmLogoImageTest" time="0.0" classname="com.automation.qa.testcases.LoginPageTest">
    <ignored/>
  </testcase> <!-- crmLogoImageTest -->
  <testcase name="loginPageTitleTest" time="0.0" classname="com.automation.qa.testcases.LoginPageTest">
    <ignored/>
  </testcase> <!-- loginPageTitleTest -->
</testsuite> <!-- Free CRM App Test -->
