<?xml version="1.0" encoding="UTF-8"?>
<!-- Generated by org.testng.reporters.JUnitXMLReporter -->
<testsuite hostname="LAPTOP-2O7S91F9" ignored="9" name="Free CRM App Test" tests="2" failures="0" timestamp="28 Sep 2019 04:06:13 GMT" time="22.121" errors="0">
  <testcase name="verifyHomePageTitleTest" time="0.02" classname="com.automation.qa.testcases.HomePageTest"/>
  <testcase name="loginTest" time="1.665" classname="com.automation.qa.testcases.LoginPageTest"/>
  <testcase name="verifyContactsLinkTest" time="0.0" classname="com.automation.qa.testcases.HomePageTest">
    <ignored/>
  </testcase> <!-- verifyContactsLinkTest -->
  <testcase name="verifyContactPageLabel" time="0.0" classname="com.automation.qa.testcases.ContactsPageTest">
    <ignored/>
  </testcase> <!-- verifyContactPageLabel -->
  <testcase name="crmLogoImageTest" time="0.0" classname="com.automation.qa.testcases.LoginPageTest">
    <ignored/>
  </testcase> <!-- crmLogoImageTest -->
  <testcase name="verifyUserNameTest" time="0.0" classname="com.automation.qa.testcases.HomePageTest">
    <ignored/>
  </testcase> <!-- verifyUserNameTest -->
  <testcase name="selectMultipleContactsTest" time="0.0" classname="com.automation.qa.testcases.ContactsPageTest">
    <ignored/>
  </testcase> <!-- selectMultipleContactsTest -->
  <testcase name="validateCreateNewContactTest1" time="0.0" classname="com.automation.qa.testcases.ContactsPageTest">
    <ignored/>
  </testcase> <!-- validateCreateNewContactTest1 -->
  <testcase name="validateCreateNewContactTest" time="0.0" classname="com.automation.qa.testcases.ContactsPageTest">
    <ignored/>
  </testcase> <!-- validateCreateNewContactTest -->
  <testcase name="loginPageTitleTest" time="0.0" classname="com.automation.qa.testcases.LoginPageTest">
    <ignored/>
  </testcase> <!-- loginPageTitleTest -->
  <testcase name="selectSingleContactsTest" time="0.0" classname="com.automation.qa.testcases.ContactsPageTest">
    <ignored/>
  </testcase> <!-- selectSingleContactsTest -->
</testsuite> <!-- Free CRM App Test -->
