<?xml version="1.0" encoding="UTF-8"?>
<testng-results skipped="0" failed="0" ignored="0" total="3" passed="3">
  <reporter-output>
  </reporter-output>
  <suite name="Default suite" duration-ms="25988" started-at="2019-09-21T04:42:33Z" finished-at="2019-09-21T04:42:59Z">
    <groups>
    </groups>
    <test name="Default test" duration-ms="25988" started-at="2019-09-21T04:42:33Z" finished-at="2019-09-21T04:42:59Z">
      <class name="com.automation.qa.testcases.LoginPageTest">
        <test-method status="PASS" signature="setUp()[pri:0, instance:com.automation.qa.testcases.LoginPageTest@ae45eb6]" name="setUp" is-config="true" duration-ms="7783" started-at="2019-09-21T04:42:33Z" finished-at="2019-09-21T04:42:41Z">
          <reporter-output>
          </reporter-output>
        </test-method> <!-- setUp -->
        <test-method status="PASS" signature="loginPageTitleTest()[pri:1, instance:com.automation.qa.testcases.LoginPageTest@ae45eb6]" name="loginPageTitleTest" duration-ms="63" started-at="2019-09-21T04:42:41Z" finished-at="2019-09-21T04:42:41Z">
          <reporter-output>
          </reporter-output>
        </test-method> <!-- loginPageTitleTest -->
        <test-method status="PASS" signature="tearDown()[pri:0, instance:com.automation.qa.testcases.LoginPageTest@ae45eb6]" name="tearDown" is-config="true" duration-ms="0" started-at="2019-09-21T04:42:41Z" finished-at="2019-09-21T04:42:41Z">
          <reporter-output>
          </reporter-output>
        </test-method> <!-- tearDown -->
        <test-method status="PASS" signature="setUp()[pri:0, instance:com.automation.qa.testcases.LoginPageTest@ae45eb6]" name="setUp" is-config="true" duration-ms="7988" started-at="2019-09-21T04:42:41Z" finished-at="2019-09-21T04:42:49Z">
          <reporter-output>
          </reporter-output>
        </test-method> <!-- setUp -->
        <test-method status="PASS" signature="crmLogoImageTest()[pri:2, instance:com.automation.qa.testcases.LoginPageTest@ae45eb6]" name="crmLogoImageTest" duration-ms="68" started-at="2019-09-21T04:42:49Z" finished-at="2019-09-21T04:42:49Z">
          <reporter-output>
          </reporter-output>
        </test-method> <!-- crmLogoImageTest -->
        <test-method status="PASS" signature="setUp()[pri:0, instance:com.automation.qa.testcases.LoginPageTest@ae45eb6]" name="setUp" is-config="true" duration-ms="6355" started-at="2019-09-21T04:42:49Z" finished-at="2019-09-21T04:42:56Z">
          <reporter-output>
          </reporter-output>
        </test-method> <!-- setUp -->
        <test-method status="PASS" signature="tearDown()[pri:0, instance:com.automation.qa.testcases.LoginPageTest@ae45eb6]" name="tearDown" is-config="true" duration-ms="0" started-at="2019-09-21T04:42:49Z" finished-at="2019-09-21T04:42:49Z">
          <reporter-output>
          </reporter-output>
        </test-method> <!-- tearDown -->
        <test-method status="PASS" signature="loginTest()[pri:3, instance:com.automation.qa.testcases.LoginPageTest@ae45eb6]" name="loginTest" duration-ms="3688" started-at="2019-09-21T04:42:56Z" finished-at="2019-09-21T04:42:59Z">
          <reporter-output>
          </reporter-output>
        </test-method> <!-- loginTest -->
        <test-method status="PASS" signature="tearDown()[pri:0, instance:com.automation.qa.testcases.LoginPageTest@ae45eb6]" name="tearDown" is-config="true" duration-ms="0" started-at="2019-09-21T04:42:59Z" finished-at="2019-09-21T04:42:59Z">
          <reporter-output>
          </reporter-output>
        </test-method> <!-- tearDown -->
      </class> <!-- com.automation.qa.testcases.LoginPageTest -->
    </test> <!-- Default test -->
  </suite> <!-- Default suite -->
</testng-results>
